生成启动时间为 2018/5/29 20:22:19。
     1>项目“D:\下载\华中科技大学\实验室\公众号推文\VRPPDL\推文附件\TSPPDL\TSPPD\TSPPD.vcxproj”在节点 2 上(Build 个目标)。
     1>ClCompile:
         C:\Program Files (x86)\Microsoft Visual Studio 12.0\VC\bin\CL.exe /c /ZI /nologo /W3 /WX- /Od /Oy- /D WIN32 /D _DEBUG /D _CONSOLE /D _LIB /D _UNICODE /D UNICODE /Gm /EHsc /RTC1 /MDd /GS /fp:precise /Zc:wchar_t /Zc:forScope /Fo"Debug\\" /Fd"Debug\vc120.pdb" /Gd /TP /analyze- /errorReport:prompt TSPPDL_tudejian_1.cpp
         TSPPDL_tudejian_1.cpp
     1>d:\下载\华中科技大学\实验室\公众号推文\vrppdl\推文附件\tsppdl\tsppd\tsppdl_tudejian_1.cpp(944): warning C4996: 'fopen': This function or variable may be unsafe. Consider using fopen_s instead. To disable deprecation, use _CRT_SECURE_NO_WARNINGS. See online help for details.
                 c:\program files (x86)\microsoft visual studio 12.0\vc\include\stdio.h(211) : 参见“fopen”的声明
     1>d:\下载\华中科技大学\实验室\公众号推文\vrppdl\推文附件\tsppdl\tsppd\tsppdl_tudejian_1.cpp(949): warning C4996: 'fscanf': This function or variable may be unsafe. Consider using fscanf_s instead. To disable deprecation, use _CRT_SECURE_NO_WARNINGS. See online help for details.
                 c:\program files (x86)\microsoft visual studio 12.0\vc\include\stdio.h(230) : 参见“fscanf”的声明
     1>d:\下载\华中科技大学\实验室\公众号推文\vrppdl\推文附件\tsppdl\tsppd\tsppdl_tudejian_1.cpp(951): warning C4996: 'fscanf': This function or variable may be unsafe. Consider using fscanf_s instead. To disable deprecation, use _CRT_SECURE_NO_WARNINGS. See online help for details.
                 c:\program files (x86)\microsoft visual studio 12.0\vc\include\stdio.h(230) : 参见“fscanf”的声明
     1>d:\下载\华中科技大学\实验室\公众号推文\vrppdl\推文附件\tsppdl\tsppd\tsppdl_tudejian_1.cpp(952): warning C4996: 'fscanf': This function or variable may be unsafe. Consider using fscanf_s instead. To disable deprecation, use _CRT_SECURE_NO_WARNINGS. See online help for details.
                 c:\program files (x86)\microsoft visual studio 12.0\vc\include\stdio.h(230) : 参见“fscanf”的声明
     1>d:\下载\华中科技大学\实验室\公众号推文\vrppdl\推文附件\tsppdl\tsppd\tsppdl_tudejian_1.cpp(954): warning C4996: 'fscanf': This function or variable may be unsafe. Consider using fscanf_s instead. To disable deprecation, use _CRT_SECURE_NO_WARNINGS. See online help for details.
                 c:\program files (x86)\microsoft visual studio 12.0\vc\include\stdio.h(230) : 参见“fscanf”的声明
     1>d:\下载\华中科技大学\实验室\公众号推文\vrppdl\推文附件\tsppdl\tsppd\tsppdl_tudejian_1.cpp(955): warning C4996: 'fscanf': This function or variable may be unsafe. Consider using fscanf_s instead. To disable deprecation, use _CRT_SECURE_NO_WARNINGS. See online help for details.
                 c:\program files (x86)\microsoft visual studio 12.0\vc\include\stdio.h(230) : 参见“fscanf”的声明
     1>d:\下载\华中科技大学\实验室\公众号推文\vrppdl\推文附件\tsppdl\tsppd\tsppdl_tudejian_1.cpp(958): warning C4996: 'fscanf': This function or variable may be unsafe. Consider using fscanf_s instead. To disable deprecation, use _CRT_SECURE_NO_WARNINGS. See online help for details.
                 c:\program files (x86)\microsoft visual studio 12.0\vc\include\stdio.h(230) : 参见“fscanf”的声明
     1>d:\下载\华中科技大学\实验室\公众号推文\vrppdl\推文附件\tsppdl\tsppd\tsppdl_tudejian_1.cpp(959): warning C4996: 'fscanf': This function or variable may be unsafe. Consider using fscanf_s instead. To disable deprecation, use _CRT_SECURE_NO_WARNINGS. See online help for details.
                 c:\program files (x86)\microsoft visual studio 12.0\vc\include\stdio.h(230) : 参见“fscanf”的声明
     1>d:\下载\华中科技大学\实验室\公众号推文\vrppdl\推文附件\tsppdl\tsppd\tsppdl_tudejian_1.cpp(974): warning C4996: 'fopen': This function or variable may be unsafe. Consider using fopen_s instead. To disable deprecation, use _CRT_SECURE_NO_WARNINGS. See online help for details.
                 c:\program files (x86)\microsoft visual studio 12.0\vc\include\stdio.h(211) : 参见“fopen”的声明
     1>d:\下载\华中科技大学\实验室\公众号推文\vrppdl\推文附件\tsppdl\tsppd\tsppdl_tudejian_1.cpp(983): warning C4996: 'fscanf': This function or variable may be unsafe. Consider using fscanf_s instead. To disable deprecation, use _CRT_SECURE_NO_WARNINGS. See online help for details.
                 c:\program files (x86)\microsoft visual studio 12.0\vc\include\stdio.h(230) : 参见“fscanf”的声明
       Link:
         C:\Program Files (x86)\Microsoft Visual Studio 12.0\VC\bin\link.exe /ERRORREPORT:PROMPT /OUT:"D:\下载\华中科技大学\实验室\公众号推文\VRPPDL\推文附件\TSPPDL\Debug\TSPPD.exe" /INCREMENTAL /NOLOGO kernel32.lib user32.lib gdi32.lib winspool.lib comdlg32.lib advapi32.lib shell32.lib ole32.lib oleaut32.lib uuid.lib odbc32.lib odbccp32.lib /MANIFEST /MANIFESTUAC:"level='asInvoker' uiAccess='false'" /manifest:embed /DEBUG /PDB:"D:\下载\华中科技大学\实验室\公众号推文\VRPPDL\推文附件\TSPPDL\Debug\TSPPD.pdb" /SUBSYSTEM:CONSOLE /TLBID:1 /DYNAMICBASE /NXCOMPAT /IMPLIB:"D:\下载\华中科技大学\实验室\公众号推文\VRPPDL\推文附件\TSPPDL\Debug\TSPPD.lib" /MACHINE:X86 Debug\TSPPDL_tudejian_1.obj
         TSPPD.vcxproj -> D:\下载\华中科技大学\实验室\公众号推文\VRPPDL\推文附件\TSPPDL\Debug\TSPPD.exe
     1>已完成生成项目“D:\下载\华中科技大学\实验室\公众号推文\VRPPDL\推文附件\TSPPDL\TSPPD\TSPPD.vcxproj”(Build 个目标)的操作。

生成成功。

已用时间 00:00:00.84
